<?xml version="1.0" encoding="UTF-8"?>
<testng-results skipped="0" failed="0" ignored="0" total="1" passed="1">
  <reporter-output>
  </reporter-output>
  <suite name="BDD Test Suite" duration-ms="149947" started-at="2021-05-27T04:53:33Z" finished-at="2021-05-27T04:56:03Z">
    <groups>
    </groups>
    <test name="CucumberTestNG" duration-ms="149947" started-at="2021-05-27T04:53:33Z" finished-at="2021-05-27T04:56:03Z">
      <class name="MyRunner.TestRunner">
        <test-method status="PASS" signature="setUpClass()[pri:0, instance:MyRunner.TestRunner@9f70c54]" name="setUpClass" is-config="true" duration-ms="175" started-at="2021-05-27T04:53:33Z" finished-at="2021-05-27T04:53:33Z">
          <reporter-output>
          </reporter-output>
        </test-method> <!-- setUpClass -->
        <test-method status="PASS" signature="feature(cucumber.api.testng.CucumberFeatureWrapper)[pri:0, instance:MyRunner.TestRunner@9f70c54]" name="feature" duration-ms="149675" started-at="2021-05-27T04:53:33Z" description="Runs Cucumber Feature" data-provider="features" finished-at="2021-05-27T04:56:03Z">
          <params>
            <param index="0">
              <value>
                <![CDATA[Home page]]>
              </value>
            </param>
          </params>
          <reporter-output>
          </reporter-output>
        </test-method> <!-- feature -->
        <test-method status="PASS" signature="tearDownClass()[pri:0, instance:MyRunner.TestRunner@9f70c54]" name="tearDownClass" is-config="true" duration-ms="17" started-at="2021-05-27T04:56:03Z" finished-at="2021-05-27T04:56:03Z">
          <reporter-output>
          </reporter-output>
        </test-method> <!-- tearDownClass -->
      </class> <!-- MyRunner.TestRunner -->
    </test> <!-- CucumberTestNG -->
  </suite> <!-- BDD Test Suite -->
</testng-results>
